{"C:\\Users\\KIIT\\OneDrive\\Documents\\webDev\\keploy\\expense tracker api\\models\\expense.js": {"path":"C:\\Users\\KIIT\\OneDrive\\Documents\\webDev\\keploy\\expense tracker api\\models\\expense.js","statementMap":{"0":{"start":{"line":1,"column":17},"end":{"line":1,"column":36}},"1":{"start":{"line":3,"column":20},"end":{"line":11,"column":2}},"2":{"start":{"line":13,"column":0},"end":{"line":13,"column":58}}},"fnMap":{},"branchMap":{},"s":{"0":2,"1":2,"2":2},"f":{},"b":{},"_coverageSchema":"1a1c01bbd47fc00a2c39e90264f33305004495a9","hash":"31fca4273478bb1b65ab68377a1c149274e594ed"}
,"C:\\Users\\KIIT\\OneDrive\\Documents\\webDev\\keploy\\expense tracker api\\routes\\index.js": {"path":"C:\\Users\\KIIT\\OneDrive\\Documents\\webDev\\keploy\\expense tracker api\\routes\\index.js","statementMap":{"0":{"start":{"line":1,"column":15},"end":{"line":1,"column":42}},"1":{"start":{"line":2,"column":21},"end":{"line":2,"column":49}},"2":{"start":{"line":3,"column":0},"end":{"line":13,"column":3}},"3":{"start":{"line":4,"column":14},"end":{"line":4,"column":32}},"4":{"start":{"line":5,"column":16},"end":{"line":5,"column":36}},"5":{"start":{"line":6,"column":2},"end":{"line":12,"column":3}},"6":{"start":{"line":7,"column":23},"end":{"line":7,"column":72}},"7":{"start":{"line":8,"column":4},"end":{"line":8,"column":59}},"8":{"start":{"line":10,"column":4},"end":{"line":10,"column":21}},"9":{"start":{"line":11,"column":4},"end":{"line":11,"column":93}},"10":{"start":{"line":15,"column":0},"end":{"line":41,"column":3}},"11":{"start":{"line":16,"column":4},"end":{"line":40,"column":5}},"12":{"start":{"line":22,"column":12},"end":{"line":22,"column":20}},"13":{"start":{"line":23,"column":25},"end":{"line":28,"column":10}},"14":{"start":{"line":29,"column":8},"end":{"line":34,"column":9}},"15":{"start":{"line":30,"column":12},"end":{"line":30,"column":50}},"16":{"start":{"line":33,"column":12},"end":{"line":33,"column":48}},"17":{"start":{"line":35,"column":9},"end":{"line":35,"column":27}},"18":{"start":{"line":39,"column":8},"end":{"line":39,"column":25}},"19":{"start":{"line":43,"column":0},"end":{"line":70,"column":3}},"20":{"start":{"line":44,"column":2},"end":{"line":69,"column":3}},"21":{"start":{"line":45,"column":19},"end":{"line":45,"column":29}},"22":{"start":{"line":46,"column":46},"end":{"line":46,"column":54}},"23":{"start":{"line":48,"column":20},"end":{"line":57,"column":5}},"24":{"start":{"line":59,"column":4},"end":{"line":63,"column":5}},"25":{"start":{"line":60,"column":6},"end":{"line":60,"column":46}},"26":{"start":{"line":62,"column":6},"end":{"line":62,"column":42}},"27":{"start":{"line":64,"column":4},"end":{"line":64,"column":22}},"28":{"start":{"line":66,"column":4},"end":{"line":66,"column":23}},"29":{"start":{"line":67,"column":4},"end":{"line":67,"column":39}},"30":{"start":{"line":68,"column":4},"end":{"line":68,"column":22}},"31":{"start":{"line":71,"column":0},"end":{"line":87,"column":3}},"32":{"start":{"line":72,"column":2},"end":{"line":86,"column":3}},"33":{"start":{"line":73,"column":19},"end":{"line":73,"column":29}},"34":{"start":{"line":74,"column":20},"end":{"line":74,"column":60}},"35":{"start":{"line":76,"column":4},"end":{"line":80,"column":5}},"36":{"start":{"line":77,"column":6},"end":{"line":77,"column":46}},"37":{"start":{"line":79,"column":6},"end":{"line":79,"column":42}},"38":{"start":{"line":81,"column":4},"end":{"line":81,"column":22}},"39":{"start":{"line":83,"column":4},"end":{"line":83,"column":23}},"40":{"start":{"line":84,"column":4},"end":{"line":84,"column":39}},"41":{"start":{"line":85,"column":4},"end":{"line":85,"column":22}},"42":{"start":{"line":92,"column":0},"end":{"line":92,"column":24}}},"fnMap":{"0":{"name":"(anonymous_0)","decl":{"start":{"line":3,"column":16},"end":{"line":3,"column":17}},"loc":{"start":{"line":3,"column":36},"end":{"line":13,"column":1}},"line":3},"1":{"name":"(anonymous_1)","decl":{"start":{"line":15,"column":17},"end":{"line":15,"column":18}},"loc":{"start":{"line":15,"column":37},"end":{"line":41,"column":1}},"line":15},"2":{"name":"(anonymous_2)","decl":{"start":{"line":43,"column":27},"end":{"line":43,"column":28}},"loc":{"start":{"line":43,"column":47},"end":{"line":70,"column":1}},"line":43},"3":{"name":"(anonymous_3)","decl":{"start":{"line":71,"column":30},"end":{"line":71,"column":31}},"loc":{"start":{"line":71,"column":50},"end":{"line":87,"column":1}},"line":71}},"branchMap":{"0":{"loc":{"start":{"line":27,"column":23},"end":{"line":27,"column":57}},"type":"cond-expr","locations":[{"start":{"line":27,"column":30},"end":{"line":27,"column":44}},{"start":{"line":27,"column":47},"end":{"line":27,"column":57}}],"line":27},"1":{"loc":{"start":{"line":29,"column":8},"end":{"line":34,"column":9}},"type":"if","locations":[{"start":{"line":29,"column":8},"end":{"line":34,"column":9}},{"start":{"line":32,"column":13},"end":{"line":34,"column":9}}],"line":29},"2":{"loc":{"start":{"line":54,"column":19},"end":{"line":54,"column":53}},"type":"cond-expr","locations":[{"start":{"line":54,"column":26},"end":{"line":54,"column":40}},{"start":{"line":54,"column":43},"end":{"line":54,"column":53}}],"line":54},"3":{"loc":{"start":{"line":59,"column":4},"end":{"line":63,"column":5}},"type":"if","locations":[{"start":{"line":59,"column":4},"end":{"line":63,"column":5}},{"start":{"line":61,"column":11},"end":{"line":63,"column":5}}],"line":59},"4":{"loc":{"start":{"line":76,"column":4},"end":{"line":80,"column":5}},"type":"if","locations":[{"start":{"line":76,"column":4},"end":{"line":80,"column":5}},{"start":{"line":78,"column":11},"end":{"line":80,"column":5}}],"line":76}},"s":{"0":1,"1":1,"2":1,"3":0,"4":0,"5":0,"6":0,"7":0,"8":0,"9":0,"10":1,"11":0,"12":0,"13":0,"14":0,"15":0,"16":0,"17":0,"18":0,"19":1,"20":0,"21":0,"22":0,"23":0,"24":0,"25":0,"26":0,"27":0,"28":0,"29":0,"30":0,"31":1,"32":0,"33":0,"34":0,"35":0,"36":0,"37":0,"38":0,"39":0,"40":0,"41":0,"42":1},"f":{"0":0,"1":0,"2":0,"3":0},"b":{"0":[0,0],"1":[0,0],"2":[0,0],"3":[0,0],"4":[0,0]},"_coverageSchema":"1a1c01bbd47fc00a2c39e90264f33305004495a9","hash":"3e5b8c9dbbd614fadaf787803253ddfce9e705aa"}
}
